0 info it worked if it ends with ok
1 verbose cli [ 'C:\\Program Files\\nodejs\\node.exe',
1 verbose cli   'C:\\Program Files\\nodejs\\node_modules\\npm\\bin\\npm-cli.js',
1 verbose cli   'version',
1 verbose cli   'minor' ]
2 info using npm@2.15.9
3 info using node@v4.6.0
4 info git [ 'status', '--porcelain' ]
5 verbose stack Error: Git working directory not clean.
5 verbose stack D .babelrc
5 verbose stack M .gitignore
5 verbose stack D app.js
5 verbose stack M package.json
5 verbose stack M src/arrayUpdater.js
5 verbose stack M src/stringUpdater.js
5 verbose stack D test/arrayUpdaterSpec.js
5 verbose stack D test/stringUpdaterSpec.js
5 verbose stack     at C:\Program Files\nodejs\node_modules\npm\lib\version.js:171:21
5 verbose stack     at ChildProcess.exithandler (child_process.js:204:7)
5 verbose stack     at emitTwo (events.js:87:13)
5 verbose stack     at ChildProcess.emit (events.js:172:7)
5 verbose stack     at maybeClose (internal/child_process.js:829:16)
5 verbose stack     at Socket.<anonymous> (internal/child_process.js:319:11)
5 verbose stack     at emitOne (events.js:77:13)
5 verbose stack     at Socket.emit (events.js:169:7)
5 verbose stack     at Pipe._onclose (net.js:486:12)
6 verbose cwd C:\Users\Inokentii_Duka\Desktop\jsmp-infra-dukakent
7 error Windows_NT 10.0.14393
8 error argv "C:\\Program Files\\nodejs\\node.exe" "C:\\Program Files\\nodejs\\node_modules\\npm\\bin\\npm-cli.js" "version" "minor"
9 error node v4.6.0
10 error npm  v2.15.9
11 error Git working directory not clean.
11 error D .babelrc
11 error M .gitignore
11 error D app.js
11 error M package.json
11 error M src/arrayUpdater.js
11 error M src/stringUpdater.js
11 error D test/arrayUpdaterSpec.js
11 error D test/stringUpdaterSpec.js
12 error If you need help, you may report this error at:
12 error     <https://github.com/npm/npm/issues>
13 verbose exit [ 1, true ]
